<?xml version="1.0" encoding="UTF-8"?>
<testng-results skipped="0" failed="0" total="1" passed="1">
  <reporter-output>
  </reporter-output>
  <suite name="Suite1" duration-ms="15" started-at="2015-01-26T07:40:45Z" finished-at="2015-01-26T07:40:45Z">
    <groups>
    </groups>
    <test name="test1" duration-ms="15" started-at="2015-01-26T07:40:45Z" finished-at="2015-01-26T07:40:45Z">
      <class name="com.yahoo.weather.test.TestNGTest">
        <test-method status="PASS" signature="testAdd()[pri:0, instance:com.yahoo.weather.test.TestNGTest@1387498]" name="testAdd" duration-ms="15" started-at="2015-01-26T13:10:45Z" finished-at="2015-01-26T13:10:45Z">
          <reporter-output>
          </reporter-output>
        </test-method> <!-- testAdd -->
      </class> <!-- com.yahoo.weather.test.TestNGTest -->
    </test> <!-- test1 -->
  </suite> <!-- Suite1 -->
</testng-results>
